-3039358791
-3728023432
868172481
-4258728296
6415099263
-17721103
-1140138392
1158023119
2435925595
-9716278
-4196020309
830410560
-2635098323
837612185
2763144879
2008034740
330325919
-372020742
-1521787908
-1786819569
-2245711620
-1263508477
-1179717615
-6984228107
3500813118
1532173656
-323899297
2939610515
-2581765924
4745431396
-4709140266
2662484945
-4281125785
4989269639
5761231273
1113693665
-2899935405
-2655831829
1161733020
857879326
1554653764
-2360381133
-7878057077
3727637416
4261711010
-1743481677
-2901269050
-5124376935
2781505109
-2551571487
4348013772
-1757199162
-3682672147
955980371
6690685123
2238314579
90091615
-2880170680
3827730822
4548776160
-685643962
5480097785
2050919698
1454515216
2416645140
4086846992
-1760320950
7630943844
4837201417
-4669817632
1673499618
7099403264
-881766309
5393324696
-5095911514
-3147376321
539131860
2983054540
-3323245020
1041204911
-3215844866
4765321352
-1813912147
283502953
1301346038
1085394506
-7225632569
-4383709773
-1639573729
-678929942
-6167042624
1730283417
-27647895
-4017422347
-208782150
-1015976519
2815632227
13908412
-4134164872
5501482477
1393821882
1504015024
6203134235
-2420990779
-1130850838
-3909084951
-2276899658
1782323138
1661692728
1423153403
-1742164384
-5891107992
-1937982241
4311595138
3154229411
2640685947
3222236936
-3098988541
5411283774
634286116
419034614
-562772454
-1199499685
-1890324284
2301104576
940190184
221358436
-3202571521
-5020511660
-4142778396
4683277318
6121844486
1233442282
7144148887
138477504
2037656567
-1935963592
3229503670
-2037547415
-3286841794
-579729248
-3462235699
567377671
-235786547
31288264
-6550573013
25697181
5336690762
2713880641
-1520837346
1661575789
-1022082725
6575199721
3699142905
1768019578
-1035360128
-2381878966
3719282053
-4306657881
7948052024
-5401229470
1214673751
1193618262
5036449667
-2411681536
-2405557237
-3695352389
-5809694411
-598395825
775600021
-4355114973
4826518032
-786921156
-213863105
1880816465
2933124812
135301264
-4617249364
1623258004
-1232535806
-1353699915
-4357903643
-3817363399
4127180318
4706527870
1397984416
294729498
-3036417437
-3013703841
-4200536466
-3009502816
-695059167
-4853746437
-3424105252
-2757366399
-6584563219
-1576421997
4625732712
-40065927
-7259684213
