418213774
-3525654324
2441221376
-3590664881
303654225
-1384436589
4934370893
-538613055
1338992665
745097473
-4948584124
1289443102
-869578002
6774961715
-1772264722
-2510414223
-599715055
-3406470337
5946435787
5177720239
2681415444
-5135473425
2509718473
1439796727
1735001223
-25362396
-943685889
4837220871
3290523549
-1746150769
-2213733201
2951411517
-471728190
6675120282
5706677250
-1648353801
-983393447
-337402111
-1418488647
-6838998999
-187730498
3871752416
-6490864777
-189717289
695100283
-7503873979
-1282351174
6124347645
-2381466566
-5311263650
-1565471162
496545371
2872148206
-4804948401
-426219381
5724289856
1694105950
-6253985661
6642212722
1418577061
5547724413
950836461
-6163805997
1141429786
661830953
-2025434928
2683980083
4951402896
2240960054
16369814
1605438116
3222728705
-1607865637
-199787941
-608154144
-1964388989
-1885247418
-340128658
-165084539
4166628177
-3569151772
-2864703919
5417855791
-4401447527
4903204914
1154690532
-4917657296
1001582465
-642927014
-580648277
1935038158
-354329876
-1386917235
2659669137
-144068806
-5175370179
-5928998457
-3217999443
7736522204
7904007325
2208653022
751383222
2455767993
-2534863822
4661536199
-381467122
4253573627
-5873431327
4364388133
-4279823298
5560462615
363124909
6650302712
-3650267382
699482180
3942077056
2594321361
48499709
3108127635
2763987630
287606508
-2901231042
-778167298
-3598600156
-1087671167
1008524750
-869914742
4313277448
1373952136
-3722110898
-7025017218
3582413866
235518085
-1070375703
6002595808
875566127
331699659
-4130643419
4148087440
-5980276052
3720397234
53213076
-1889329054
2761295711
-513835120
-1211339469
95864484
2668300530
8390042758
995561139
-184967994
4032829117
352650706
-2808166268
1543199515
-1764808118
2263874024
754436510
424233758
4246521215
958877593
4369057831
1006310082
3933630306
-1432707708
3863773608
1331509451
-5605156639
-3142472499
263031877
-4971366502
-2748645743
-282788707
1934032074
3743381956
-2448274783
4756924966
1337413305
-3842801957
3519410253
-1499375596
7638162358
2856156570
-989156941
286404378
-937341304
-237453337
-4612867128
1013494525
70489063
-6035642221
5961648719
-4326425578
2777338417
1701739935
-953983302
5342365613
1102915417
-3808824739
3964055003
