2167540935
-128923220
-1574973080
-729819546
4741008619
5838635289
-1349768448
-1563139840
-25208594
-2701224564
-1313473079
298415153
-6029269516
3780089826
2067483111
-2528284455
-3173478172
4054900120
-933053655
3787469031
-3083841310
480015296
3407056321
-1493459466
885984710
-3377077388
-849508096
1571868338
3121998876
726728656
-5038612553
2749503667
-1116727610
-1223338116
-1820751225
-3789798897
-317797772
2354094050
2558599399
-286379012
2578591281
2089979376
2940834264
-1599876807
-3012340734
3853839975
-3438575878
-143600061
-2159839066
-2069167028
6791628821
-2395072594
-284773858
1773974670
2497474734
-2444635972
-6009932847
1579474600
2692623732
6237535727
-1095833365
-1078375863
4302902973
-5486415628
-1842852417
-2699000945
5036612533
150833908
7471056317
-1687988969
585223614
-1962915723
4594753589
2642266138
2787976418
6720841776
-3600641000
-992332855
3017735066
2096079780
-5590308341
-2823827112
-3148152858
418989855
-1312366537
2359868878
-2626724334
-79951670
1160398632
-5344647381
4510102161
1551091004
-5684651031
-368556926
-3254605851
3796556217
-3625767981
-4381036005
6351383918
-841350266
2875805086
1863988594
1771554395
-5305092846
1707848457
-1364460688
-5085893953
7073186757
-2326045887
-604619936
-2318603534
1693194221
-5919588298
-585721393
7340508515
-2559874135
3944793102
-181541560
2258366989
-906240166
1416913084
-5681134772
-5268935970
-2408736895
2457849966
-3124510910
4163199038
-1448358760
-5958383693
5882717133
-4942952280
4097039284
5338207953
-7154958221
136034063
-473095814
-7780865461
4412420644
-2829570112
3140155436
3926979528
9522714
3113768674
3605323843
-3800064676
-2431988140
-5381270255
-4095903512
-914229250
-2762661485
-3068177199
3669211920
-130112882
-3095969567
-7448978362
-3750714694
2303097234
-2986677495
1485587544
218885590
-5374321590
-382531177
7363632270
-2292922522
115043034
-4692129213
1418957506
-4366752615
-281525918
-2233310085
3178726583
-5332678060
7278160970
1614989823
-6545236806
-6550417263
2334900859
-317481946
-565928667
1164754455
1611241360
-11257262
-174550762
1974685821
687650929
-3762714760
-2121791912
-4737545457
3522180650
1483667481
-1566658583
2987744312
2037302824
4336772930
-692865855
16957574
1088132698
-2592550821
2599767338
440862655
