1372145306
4442970266
4209562936
-703132028
1832103921
1706723310
682048024
5443826034
-6644257952
2992169311
4606404127
7828873637
5865364856
7462878257
-6124666437
3798563743
291615846
7133977624
815999401
4319127473
-1679094867
-310020274
-3184149164
4578050694
1378783021
-3921092763
1366256778
-3145804245
1644840507
-3011414133
-1226182303
5406477648
1673525332
1634501685
4009941861
7174686785
5459543657
2306149552
3545803156
-4489633694
4869531719
-2568384025
2849384799
2959274295
5902837138
-3855722712
864866984
-426897811
88397819
4823319735
6858994441
-4709506597
-3725875860
-3439625364
3245092458
6937281564
-4672062906
940717213
-6922931077
3791027464
5208883992
3598065900
3203966102
-2577378468
690067604
-631418711
-6404307716
407530217
-6047595429
5937324002
2756460903
389050175
-466813270
6675364511
3472207533
4150399998
1018220804
1164778013
5979786972
-4049038717
594366204
-812759007
848936429
1432548812
-2213228705
-4445342392
2090290226
-2808750432
-2504237588
-1453936669
3893978121
1869644823
3419989358
819167734
1455804432
772375461
2875209661
7351902213
-1703695312
6183397013
-239339825
-4730730531
406476658
1684548474
7714676523
4450263073
2713789204
-2295667712
2131031050
-2176319188
-189047185
5353288832
7344752684
-490173444
-887250354
2276718419
-1000199236
-1468379438
-2581303727
-2972852094
-1432695382
-3348959704
-5793479654
-195374899
50991333
495551788
-6977872590
3212367433
1412420467
4000610502
-4032707157
1405463714
4274096326
-1850427139
-3861746438
3777133145
-3397497093
-2347390048
430751334
-310386946
7072913040
-2015519742
4432462806
-6810592354
-842736079
-3931891550
-4787258272
-7933357034
6756833153
542578756
-4416391723
2667954379
-895077483
353531666
1495336860
-75528940
387493800
1158656470
806143617
90333709
-556326288
-849512524
724187482
1551749898
-4147163524
-131602501
5610096742
-6718581933
-100215789
7335939020
4415543304
-4534391190
-1975809390
2306113099
-4521205034
-1377883966
38291088
-58339558
-1549527383
-4190585807
-3705856071
3131749831
4262822878
-1676014334
-2585087822
-2793836310
-1750223153
-3825792787
2795823152
-2896454430
212773115
1662523410
1983728838
-4508720031
-7510490846
1563630783
5626300520
-4688429505
3867059375
6220486039
