-4594467466
-2713733696
-3069904497
-138489198
-6810911909
-787796720
3311599336
3476274480
4682916835
-4673323177
-2200341303
-2609465723
743903853
3779372771
1469396304
-2596433506
-2586109049
1921593302
-5705326041
1505310325
-2012614357
-4524754068
-1219891073
1641335520
-245839554
-2414641876
2489541972
493870285
3733518497
5686621480
-3536032937
-4246344875
3978449519
-229724385
822866936
-6644935087
-1060789454
-6074850542
1296159828
-2037677000
-6658858691
2256111974
4652085705
-1393977554
58782948
503541402
-3824538966
-4118633411
1438561760
2337782709
3382257577
-7090220590
3047797165
-1546036339
-3739462962
5277481125
3026379039
-7636449106
4552408614
-192753890
6557137022
4212945553
-1375560159
898960382
6506465486
-716318914
-922272269
585232485
-729233524
742987137
-638525652
-455073230
-3525654978
7267624013
4954980215
-5170575500
-2430405738
2169189732
3111914750
1167674562
-2839199776
437359448
-3496208577
-315161371
-3335385609
-1974894279
375421509
-6564030736
1959781513
6354838293
1565044768
-1778953929
3566044911
-1513037280
-563052101
-3422211597
1254197824
-4851565504
-3854513022
5262145043
-4524767601
3268067935
-1514230683
1166918200
1301038372
1295863691
782419166
2298592794
537810918
3518052065
479820375
-909408569
1260531694
-2722537146
4035374827
-2252955122
-5934522762
3932763161
-544718643
4519206065
-4058197938
-2268132140
232006931
-5461578757
-1434320409
4239436837
2425178321
1045346085
913639864
172751948
611596506
-1522460936
1715937371
-4376658615
2491517455
796626144
-1881452484
925975833
6980205981
-284222790
4645949579
1886751308
-4170862632
2708734651
-3379764700
3341714620
6310378989
-1803863810
-2858935214
-3202239676
933731844
4054091000
-7263866066
4284715943
-3729363384
-4395138840
3378305440
3730471206
1472924495
4185813824
7233625870
3182622878
-4670956025
459107128
6115216627
4612340485
-1367098463
3645188158
-1058326945
4554646423
3828876087
-1749407716
-148979863
5424615812
2213812292
182996700
3906621745
-1154662669
-1958319611
-1966799181
-2734058822
334317766
-2193725883
4226289228
-6522410697
31559662
843495240
1178337539
-6135399454
787223410
1150783787
594060395
5730702530
-3198332473
6190781181
-6217897035
5920799303
-4977387262
874399972
6789209463
